2/1
	 000xx 02 42  DETECTED
 	 x10xx 11 11  UNDECTDED
 	 1x1xx 12 12  UNDECTDED
 	 11001 11 11  UNDECTDED
 	 00111 00 00  UNDECTDED
 	 11111 10 10  UNDECTDED
 
11/0
	 000xx 02 02  UNDECTDED
 	 x10xx 11 32  DETECTED
 	 1x1xx 12 10  UNDECTDED
 	 11001 11 33  DETECTED
 	 00111 00 00  UNDECTDED
 	 11111 10 10  UNDECTDED
 
22/0
	 000xx 02 02  UNDECTDED
 	 x10xx 11 31  DETECTED
 	 1x1xx 12 32  DETECTED
 	 11001 11 31  DETECTED
 	 00111 00 00  UNDECTDED
 	 11111 10 30  DETECTED
 
16/1
	 000xx 02 02  UNDECTDED
 	 x10xx 11 32  DETECTED
 	 1x1xx 12 12  UNDECTDED
 	 11001 11 31  DETECTED
 	 00111 00 00  UNDECTDED
 	 11111 10 10  UNDECTDED
 
6/1
	 000xx 02 02  UNDECTDED
 	 x10xx 11 11  UNDECTDED
 	 1x1xx 12 10  UNDECTDED
 	 11001 11 11  UNDECTDED
 	 00111 00 00  UNDECTDED
 	 11111 10 10  UNDECTDED
 
