1231/1
	 1xxx001xx0001x011000xxx01100xx110 0222001001220012122222220 0222001001220012122222224  DETECTED
 	 1xxx101xx0001x010xxxxxxxx0xxxxx1x 2222222222222222222222221 2222222222222222222222221  UNDECTDED
 	 1xxx001xx1001x011000xx0111000x111 0222101001220012122222120 0222101001220012122222120  UNDECTDED
 	 1xxx001xx1101x011000xx0111000x111 0222101001221012122222121 0222101001221012122222121  UNDECTDED
 	 xxxxxxxxxx0xxxxx0000xxx011x1x01x1 2222222222220222122222212 2222222222220222122222212  UNDECTDED
 
346/0
	 1xxx001xx0001x011000xxx01100xx110 0222001001220012122222220 0022001001220012122222220  UNDECTDED
 	 1xxx101xx0001x010xxxxxxxx0xxxxx1x 2222222222222222222222221 2222222222222222222222221  UNDECTDED
 	 1xxx001xx1001x011000xx0111000x111 0222101001220012122222120 0022101001220012122222120  UNDECTDED
 	 1xxx001xx1101x011000xx0111000x111 0222101001221012122222121 0022101001221012122222121  UNDECTDED
 	 xxxxxxxxxx0xxxxx0000xxx011x1x01x1 2222222222220222122222212 2022222222220222122222212  UNDECTDED
 
2829/1
	 1xxx001xx0001x011000xxx01100xx110 0222001001220012122222220 0222001001220012122222220  UNDECTDED
 	 1xxx101xx0001x010xxxxxxxx0xxxxx1x 2222222222222222222222221 2222222222222222222222223  DETECTED
 	 1xxx001xx1001x011000xx0111000x111 0222101001220012122222120 0222101001220012122222120  UNDECTDED
 	 1xxx001xx1101x011000xx0111000x111 0222101001221012122222121 0222101001221012122222121  UNDECTDED
 	 xxxxxxxxxx0xxxxx0000xxx011x1x01x1 2222222222220222122222212 2222222222220222122222212  UNDECTDED
 
1697/0
	 1xxx001xx0001x011000xxx01100xx110 0222001001220012122222220 0222001001220012122222220  UNDECTDED
 	 1xxx101xx0001x010xxxxxxxx0xxxxx1x 2222222222222222222222221 2222222222222222222222221  UNDECTDED
 	 1xxx001xx1001x011000xx0111000x111 0222101001220012122222120 0222101001220012122222124  DETECTED
 	 1xxx001xx1101x011000xx0111000x111 0222101001221012122222121 0222101001221012122222123  DETECTED
 	 xxxxxxxxxx0xxxxx0000xxx011x1x01x1 2222222222220222122222212 2222222222220222122222212  UNDECTDED
 
1661/1
	 1xxx001xx0001x011000xxx01100xx110 0222001001220012122222220 0222001001220012122222220  UNDECTDED
 	 1xxx101xx0001x010xxxxxxxx0xxxxx1x 2222222222222222222222221 2222222222222222222222221  UNDECTDED
 	 1xxx001xx1001x011000xx0111000x111 0222101001220012122222120 0222101001220012122222120  UNDECTDED
 	 1xxx001xx1101x011000xx0111000x111 0222101001221012122222121 0222101001221012122222123  DETECTED
 	 xxxxxxxxxx0xxxxx0000xxx011x1x01x1 2222222222220222122222212 2222222222220222122222212  UNDECTDED
 
2129/1
	 1xxx001xx0001x011000xxx01100xx110 0222001001220012122222220 0222001001220012122222220  UNDECTDED
 	 1xxx101xx0001x010xxxxxxxx0xxxxx1x 2222222222222222222222221 2222222222222222222222221  UNDECTDED
 	 1xxx001xx1001x011000xx0111000x111 0222101001220012122222120 0222101001220012122222120  UNDECTDED
 	 1xxx001xx1101x011000xx0111000x111 0222101001221012122222121 0222101001221012122222121  UNDECTDED
 	 xxxxxxxxxx0xxxxx0000xxx011x1x01x1 2222222222220222122222212 2222222222224222122222212  DETECTED
 
2071/1
	 1xxx001xx0001x011000xxx01100xx110 0222001001220012122222220 0222001001220012122222220  UNDECTDED
 	 1xxx101xx0001x010xxxxxxxx0xxxxx1x 2222222222222222222222221 2222222222222222222222221  UNDECTDED
 	 1xxx001xx1001x011000xx0111000x111 0222101001220012122222120 0222101001220012122222120  UNDECTDED
 	 1xxx001xx1101x011000xx0111000x111 0222101001221012122222121 0222101001221012122222121  UNDECTDED
 	 xxxxxxxxxx0xxxxx0000xxx011x1x01x1 2222222222220222122222212 2222222222220222122222212  UNDECTDED
 
