340/0
	 xxxxxxxxxxxxxxxxxxxxxxxxxxxxx1xxxxxxxxxxxxxxxxx0x100000xxxxx 22222222222222222122222222 22222222222222222322222222  DETECTED
 	 1xxx11xx11xxxxx11xxxxxxxxxxxxxxxxxxxxxxxxxxxxxx0x010x00xx1x0 22222222222122222022222222 22222222222122222022222222  UNDECTDED
 	 x0xxxxxxxx0xxxxxxxxxxxx1xxxxxxxxxx0xxxxxxxxxxxxxx00001xxxxx1 22220211122200222202222022 22220211122200222202222022  UNDECTDED
 	 10x01xx01x1xxxxxxxxxxxx1xxxxxxxxxxxxxxx1xxxxxxxxx00001xxxxxx 02020122121100222222222020 02020122121100222222222020  UNDECTDED
 	 00xxxxxxxx0xxxxxxxxxxxx1xxxxxxxxxxxxxxxxxxxxxxxxx00001xxxxxx 22220111121000222222222022 22220111121000222222222022  UNDECTDED
 
758/0
	 xxxxxxxxxxxxxxxxxxxxxxxxxxxxx1xxxxxxxxxxxxxxxxx0x100000xxxxx 22222222222222222122222222 22222222222222222122222222  UNDECTDED
 	 1xxx11xx11xxxxx11xxxxxxxxxxxxxxxxxxxxxxxxxxxxxx0x010x00xx1x0 22222222222122222022222222 22222222222122222422222222  DETECTED
 	 x0xxxxxxxx0xxxxxxxxxxxx1xxxxxxxxxx0xxxxxxxxxxxxxx00001xxxxx1 22220211122200222202222022 22220211122200222202222022  UNDECTDED
 	 10x01xx01x1xxxxxxxxxxxx1xxxxxxxxxxxxxxx1xxxxxxxxx00001xxxxxx 02020122121100222222222020 02020122121100222222222020  UNDECTDED
 	 00xxxxxxxx0xxxxxxxxxxxx1xxxxxxxxxxxxxxxxxxxxxxxxx00001xxxxxx 22220111121000222222222022 22220111121000222222222022  UNDECTDED
 
466/1
	 xxxxxxxxxxxxxxxxxxxxxxxxxxxxx1xxxxxxxxxxxxxxxxx0x100000xxxxx 22222222222222222122222222 22222222222222222122222222  UNDECTDED
 	 1xxx11xx11xxxxx11xxxxxxxxxxxxxxxxxxxxxxxxxxxxxx0x010x00xx1x0 22222222222122222022222222 22222222222122222022222222  UNDECTDED
 	 x0xxxxxxxx0xxxxxxxxxxxx1xxxxxxxxxx0xxxxxxxxxxxxxx00001xxxxx1 22220211122200222202222022 22220211122200222222222422  DETECTED
 	 10x01xx01x1xxxxxxxxxxxx1xxxxxxxxxxxxxxx1xxxxxxxxx00001xxxxxx 02020122121100222222222020 02020122121100222222222422  DETECTED
 	 00xxxxxxxx0xxxxxxxxxxxx1xxxxxxxxxxxxxxxxxxxxxxxxx00001xxxxxx 22220111121000222222222022 22220111121000222222222422  DETECTED
 
156/1
	 xxxxxxxxxxxxxxxxxxxxxxxxxxxxx1xxxxxxxxxxxxxxxxx0x100000xxxxx 22222222222222222122222222 22222222222222222122222222  UNDECTDED
 	 1xxx11xx11xxxxx11xxxxxxxxxxxxxxxxxxxxxxxxxxxxxx0x010x00xx1x0 22222222222122222022222222 22222222222122222022222222  UNDECTDED
 	 x0xxxxxxxx0xxxxxxxxxxxx1xxxxxxxxxx0xxxxxxxxxxxxxx00001xxxxx1 22220211122200222202222022 22220211122200222202222022  UNDECTDED
 	 10x01xx01x1xxxxxxxxxxxx1xxxxxxxxxxxxxxx1xxxxxxxxx00001xxxxxx 02020122121100222222222020 02020122121100222222222020  UNDECTDED
 	 00xxxxxxxx0xxxxxxxxxxxx1xxxxxxxxxxxxxxxxxxxxxxxxx00001xxxxxx 22220111121000222222222022 22220111121000222222222022  UNDECTDED
 
375/1
	 xxxxxxxxxxxxxxxxxxxxxxxxxxxxx1xxxxxxxxxxxxxxxxx0x100000xxxxx 22222222222222222122222222 22222222222222222122222222  UNDECTDED
 	 1xxx11xx11xxxxx11xxxxxxxxxxxxxxxxxxxxxxxxxxxxxx0x010x00xx1x0 22222222222122222022222222 22222222222122222022222222  UNDECTDED
 	 x0xxxxxxxx0xxxxxxxxxxxx1xxxxxxxxxx0xxxxxxxxxxxxxx00001xxxxx1 22220211122200222202222022 22220211122200222202222022  UNDECTDED
 	 10x01xx01x1xxxxxxxxxxxx1xxxxxxxxxxxxxxx1xxxxxxxxx00001xxxxxx 02020122121100222222222020 02020122121100222222222422  DETECTED
 	 00xxxxxxxx0xxxxxxxxxxxx1xxxxxxxxxxxxxxxxxxxxxxxxx00001xxxxxx 22220111121000222222222022 22220111121000222222222022  UNDECTDED
 
347/1
	 xxxxxxxxxxxxxxxxxxxxxxxxxxxxx1xxxxxxxxxxxxxxxxx0x100000xxxxx 22222222222222222122222222 22222222222222222122222222  UNDECTDED
 	 1xxx11xx11xxxxx11xxxxxxxxxxxxxxxxxxxxxxxxxxxxxx0x010x00xx1x0 22222222222122222022222222 22222222222122222022222222  UNDECTDED
 	 x0xxxxxxxx0xxxxxxxxxxxx1xxxxxxxxxx0xxxxxxxxxxxxxx00001xxxxx1 22220211122200222202222022 22220211122200222222222422  DETECTED
 	 10x01xx01x1xxxxxxxxxxxx1xxxxxxxxxxxxxxx1xxxxxxxxx00001xxxxxx 02020122121100222222222020 02020122121100222222222422  DETECTED
 	 00xxxxxxxx0xxxxxxxxxxxx1xxxxxxxxxxxxxxxxxxxxxxxxx00001xxxxxx 22220111121000222222222022 22220111121000222222222422  DETECTED
 
319/0
	 xxxxxxxxxxxxxxxxxxxxxxxxxxxxx1xxxxxxxxxxxxxxxxx0x100000xxxxx 22222222222222222122222222 22222222222222222122222222  UNDECTDED
 	 1xxx11xx11xxxxx11xxxxxxxxxxxxxxxxxxxxxxxxxxxxxx0x010x00xx1x0 22222222222122222022222222 22222222222122222022222222  UNDECTDED
 	 x0xxxxxxxx0xxxxxxxxxxxx1xxxxxxxxxx0xxxxxxxxxxxxxx00001xxxxx1 22220211122200222202222022 22220211122200222202222022  UNDECTDED
 	 10x01xx01x1xxxxxxxxxxxx1xxxxxxxxxxxxxxx1xxxxxxxxx00001xxxxxx 02020122121100222222222020 02020122121100222222222020  UNDECTDED
 	 00xxxxxxxx0xxxxxxxxxxxx1xxxxxxxxxxxxxxxxxxxxxxxxx00001xxxxxx 22220111121000222222222022 22220111121000222222222022  UNDECTDED
 
